<?xml version="1.0" encoding="UTF-8"?>
<!-- Generated by org.testng.reporters.JUnitXMLReporter -->
<testsuite ignored="6" hostname="DESKTOP-CUQ35FS" failures="11" tests="11" name="Surefire test" time="102.208" errors="0" timestamp="2026-07-20T15:11:14 IST">
  <testcase classname="com.qa.opencart.tests.HomePageTest" name="HomePageTitleTest" time="0.298">
    <failure type="java.lang.NullPointerException" message="Cannot invoke &amp;quot;com.qa.opencart.pages.HomePage.getHomePageTitle()&amp;quot; because &amp;quot;this.homePage&amp;quot; is null">
      <![CDATA[java.lang.NullPointerException: Cannot invoke "com.qa.opencart.pages.HomePage.getHomePageTitle()" because "this.homePage" is null
at com.qa.opencart.tests.HomePageTest.HomePageTitleTest(HomePageTest.java:15)
at java.base/java.util.ArrayList.forEach(ArrayList.java:1596)
... Removed 30 stack frames]]>
    </failure>
  </testcase> <!-- HomePageTitleTest -->
  <testcase classname="com.qa.opencart.tests.HomePageTest" name="HomePageUrlTest" time="0.004">
    <failure type="java.lang.NullPointerException" message="Cannot invoke &amp;quot;com.qa.opencart.pages.HomePage.getHomePageURL()&amp;quot; because &amp;quot;this.homePage&amp;quot; is null">
      <![CDATA[java.lang.NullPointerException: Cannot invoke "com.qa.opencart.pages.HomePage.getHomePageURL()" because "this.homePage" is null
at com.qa.opencart.tests.HomePageTest.HomePageUrlTest(HomePageTest.java:21)
at java.base/java.util.ArrayList.forEach(ArrayList.java:1596)
... Removed 30 stack frames]]>
    </failure>
  </testcase> <!-- HomePageUrlTest -->
  <testcase classname="com.qa.opencart.tests.HomePageTest" name="SearchTest" time="0.003">
    <failure type="java.lang.NullPointerException" message="Cannot invoke &amp;quot;com.qa.opencart.pages.HomePage.doSearch(String)&amp;quot; because &amp;quot;this.homePage&amp;quot; is null">
      <![CDATA[java.lang.NullPointerException: Cannot invoke "com.qa.opencart.pages.HomePage.doSearch(String)" because "this.homePage" is null
at com.qa.opencart.tests.HomePageTest.SearchTest(HomePageTest.java:36)
at java.base/java.util.ArrayList.forEach(ArrayList.java:1596)
... Removed 30 stack frames]]>
    </failure>
  </testcase> <!-- SearchTest -->
  <testcase classname="com.qa.opencart.tests.HomePageTest" name="SearchTest" time="0.005">
    <failure type="java.lang.NullPointerException" message="Cannot invoke &amp;quot;com.qa.opencart.pages.HomePage.doSearch(String)&amp;quot; because &amp;quot;this.homePage&amp;quot; is null">
      <![CDATA[java.lang.NullPointerException: Cannot invoke "com.qa.opencart.pages.HomePage.doSearch(String)" because "this.homePage" is null
at com.qa.opencart.tests.HomePageTest.SearchTest(HomePageTest.java:36)
at java.base/java.util.ArrayList.forEach(ArrayList.java:1596)
... Removed 30 stack frames]]>
    </failure>
  </testcase> <!-- SearchTest -->
  <testcase classname="com.qa.opencart.tests.HomePageTest" name="SearchTest" time="0.007">
    <failure type="java.lang.NullPointerException" message="Cannot invoke &amp;quot;com.qa.opencart.pages.HomePage.doSearch(String)&amp;quot; because &amp;quot;this.homePage&amp;quot; is null">
      <![CDATA[java.lang.NullPointerException: Cannot invoke "com.qa.opencart.pages.HomePage.doSearch(String)" because "this.homePage" is null
at com.qa.opencart.tests.HomePageTest.SearchTest(HomePageTest.java:36)
at java.base/java.util.ArrayList.forEach(ArrayList.java:1596)
... Removed 30 stack frames]]>
    </failure>
  </testcase> <!-- SearchTest -->
  <testcase classname="com.qa.opencart.tests.LoginPageTest" name="loginPageNavigationTest" time="0.006">
    <failure type="java.lang.NullPointerException" message="Cannot invoke &amp;quot;com.qa.opencart.pages.HomePage.navigateToLoginpage()&amp;quot; because &amp;quot;this.homePage&amp;quot; is null">
      <![CDATA[java.lang.NullPointerException: Cannot invoke "com.qa.opencart.pages.HomePage.navigateToLoginpage()" because "this.homePage" is null
at com.qa.opencart.tests.LoginPageTest.loginPageNavigationTest(LoginPageTest.java:13)
at java.base/java.util.ArrayList.forEach(ArrayList.java:1596)
... Removed 30 stack frames]]>
    </failure>
  </testcase> <!-- loginPageNavigationTest -->
  <testcase classname="com.qa.opencart.tests.LoginPageTest" name="forgotPwdLinkExitTest" time="0.106">
    <failure type="java.lang.NullPointerException" message="Cannot invoke &amp;quot;com.qa.opencart.pages.LoginPage.isForgotPwdlinkExist()&amp;quot; because &amp;quot;this.loginPage&amp;quot; is null">
      <![CDATA[java.lang.NullPointerException: Cannot invoke "com.qa.opencart.pages.LoginPage.isForgotPwdlinkExist()" because "this.loginPage" is null
at com.qa.opencart.tests.LoginPageTest.forgotPwdLinkExitTest(LoginPageTest.java:21)
at java.base/java.util.ArrayList.forEach(ArrayList.java:1596)
... Removed 30 stack frames]]>
    </failure>
  </testcase> <!-- forgotPwdLinkExitTest -->
  <testcase classname="com.qa.opencart.tests.LoginPageTest" name="appLoginTest" time="0.003">
    <failure type="java.lang.NullPointerException" message="Cannot invoke &amp;quot;java.util.Properties.getProperty(String)&amp;quot; because &amp;quot;this.prop&amp;quot; is null">
      <![CDATA[java.lang.NullPointerException: Cannot invoke "java.util.Properties.getProperty(String)" because "this.prop" is null
at com.qa.opencart.tests.LoginPageTest.appLoginTest(LoginPageTest.java:26)
at java.base/java.util.ArrayList.forEach(ArrayList.java:1596)
... Removed 30 stack frames]]>
    </failure>
  </testcase> <!-- appLoginTest -->
  <testcase classname="com.qa.opencart.tests.RegisterPageTest" name="loginPageNavigationTest" time="0.003">
    <failure type="java.lang.NullPointerException" message="Cannot invoke &amp;quot;com.qa.opencart.pages.HomePage.navigateToRegisterpage()&amp;quot; because &amp;quot;this.homePage&amp;quot; is null">
      <![CDATA[java.lang.NullPointerException: Cannot invoke "com.qa.opencart.pages.HomePage.navigateToRegisterpage()" because "this.homePage" is null
at com.qa.opencart.tests.RegisterPageTest.loginPageNavigationTest(RegisterPageTest.java:13)
at java.base/java.util.ArrayList.forEach(ArrayList.java:1596)
... Removed 30 stack frames]]>
    </failure>
  </testcase> <!-- loginPageNavigationTest -->
  <testcase classname="com.qa.opencart.tests.RegisterPageTest" name="appRegisterTest" time="0.021">
    <failure type="java.lang.NullPointerException" message="Cannot invoke &amp;quot;com.qa.opencart.pages.RegisterPage.doRegister(String, String, String, String, String, String)&amp;quot; because &amp;quot;this.registerPage&amp;quot; is null">
      <![CDATA[java.lang.NullPointerException: Cannot invoke "com.qa.opencart.pages.RegisterPage.doRegister(String, String, String, String, String, String)" because "this.registerPage" is null
at com.qa.opencart.tests.RegisterPageTest.appRegisterTest(RegisterPageTest.java:21)
at java.base/java.util.ArrayList.forEach(ArrayList.java:1596)
... Removed 30 stack frames]]>
    </failure>
  </testcase> <!-- appRegisterTest -->
  <testcase classname="com.qa.opencart.tests.RegisterPageTest" name="MyAccountTest" time="0.003">
    <failure type="java.lang.NullPointerException" message="Cannot invoke &amp;quot;com.qa.opencart.pages.RegisterPage.getMyAccountTitle()&amp;quot; because &amp;quot;this.registerPage&amp;quot; is null">
      <![CDATA[java.lang.NullPointerException: Cannot invoke "com.qa.opencart.pages.RegisterPage.getMyAccountTitle()" because "this.registerPage" is null
at com.qa.opencart.tests.RegisterPageTest.MyAccountTest(RegisterPageTest.java:26)
at java.base/java.util.ArrayList.forEach(ArrayList.java:1596)
... Removed 30 stack frames]]>
    </failure>
  </testcase> <!-- MyAccountTest -->
  <testcase classname="com.qa.opencart.base.BaseTest" name="@AfterTest tearDown" time="0.0">
    <ignored/>
  </testcase> <!-- @AfterTest tearDown -->
  <testcase classname="com.qa.opencart.base.BaseTest" name="@BeforeTest setup" time="0.0">
    <ignored/>
  </testcase> <!-- @BeforeTest setup -->
  <testcase classname="com.qa.opencart.base.BaseTest" name="@BeforeTest setup" time="0.0">
    <ignored/>
  </testcase> <!-- @BeforeTest setup -->
  <testcase classname="com.qa.opencart.base.BaseTest" name="@BeforeTest setup" time="0.0">
    <ignored/>
  </testcase> <!-- @BeforeTest setup -->
  <testcase classname="com.qa.opencart.base.BaseTest" name="@AfterTest tearDown" time="0.0">
    <ignored/>
  </testcase> <!-- @AfterTest tearDown -->
  <testcase classname="com.qa.opencart.base.BaseTest" name="@AfterTest tearDown" time="0.0">
    <ignored/>
  </testcase> <!-- @AfterTest tearDown -->
</testsuite> <!-- Surefire test -->
