<?xml version="1.0" encoding="UTF-8"?>
<!-- Generated by org.testng.reporters.JUnitXMLReporter -->
<testsuite ignored="0" hostname="DESKTOP-CUQ35FS" failures="0" tests="2" name="Default test" time="112.998" errors="0" timestamp="2026-07-20T20:46:16 IST">
  <testcase classname="com.qa.opencart.tests.RegisterPageTest" name="loginPageNavigationTest" time="3.042"/>
  <testcase classname="com.qa.opencart.tests.RegisterPageTest" name="appRegisterTest" time="26.195"/>
</testsuite> <!-- Default test -->
