<?xml version="1.0" encoding="UTF-8"?>
<!-- Generated by org.testng.reporters.JUnitXMLReporter -->
<testsuite ignored="0" hostname="DESKTOP-CUQ35FS" failures="0" tests="5" name="Open Cart Home Page Test_chrome_90" time="56.046" errors="0" timestamp="2026-07-13T17:52:40 IST">
  <testcase classname="com.qa.opencart.tests.HomePageTest" name="HomePageTitleTest" time="0.201"/>
  <testcase classname="com.qa.opencart.tests.HomePageTest" name="HomePageUrlTest" time="0.003"/>
  <testcase classname="com.qa.opencart.tests.HomePageTest" name="SearchTest" time="1.874"/>
  <testcase classname="com.qa.opencart.tests.HomePageTest" name="SearchTest" time="2.773"/>
  <testcase classname="com.qa.opencart.tests.HomePageTest" name="SearchTest" time="3.377"/>
</testsuite> <!-- Open Cart Home Page Test_chrome_90 -->
