<?xml version="1.0" encoding="UTF-8"?>
<testng-results ignored="0" total="2" passed="2" failed="0" skipped="0">
  <reporter-output>
  </reporter-output>
  <suite started-at="2026-07-20T20:44:23 IST" name="Default suite" finished-at="2026-07-20T20:46:16 IST" duration-ms="112998">
    <groups>
    </groups>
    <test started-at="2026-07-20T20:44:23 IST" name="Default test" finished-at="2026-07-20T20:46:16 IST" duration-ms="112998">
      <class name="com.qa.opencart.tests.RegisterPageTest">
        <test-method is-config="true" signature="setup()[pri:0, instance:com.qa.opencart.tests.RegisterPageTest@7eecb5b8]" started-at="2026-07-20T20:44:23 IST" name="setup" finished-at="2026-07-20T20:45:42 IST" duration-ms="79144" status="PASS">
          <reporter-output>
          </reporter-output>
        </test-method> <!-- setup -->
        <test-method signature="loginPageNavigationTest()[pri:1, instance:com.qa.opencart.tests.RegisterPageTest@7eecb5b8]" started-at="2026-07-20T20:45:42 IST" name="loginPageNavigationTest" finished-at="2026-07-20T20:45:45 IST" duration-ms="3042" status="PASS">
          <reporter-output>
          </reporter-output>
        </test-method> <!-- loginPageNavigationTest -->
        <test-method signature="appRegisterTest()[pri:2, instance:com.qa.opencart.tests.RegisterPageTest@7eecb5b8]" started-at="2026-07-20T20:45:45 IST" name="appRegisterTest" finished-at="2026-07-20T20:46:12 IST" duration-ms="26195" status="PASS">
          <reporter-output>
          </reporter-output>
        </test-method> <!-- appRegisterTest -->
        <test-method is-config="true" signature="tearDown()[pri:0, instance:com.qa.opencart.tests.RegisterPageTest@7eecb5b8]" started-at="2026-07-20T20:46:12 IST" name="tearDown" finished-at="2026-07-20T20:46:16 IST" duration-ms="4173" status="PASS">
          <reporter-output>
          </reporter-output>
        </test-method> <!-- tearDown -->
      </class> <!-- com.qa.opencart.tests.RegisterPageTest -->
    </test> <!-- Default test -->
  </suite> <!-- Default suite -->
</testng-results>
