<?xml version="1.0" encoding="UTF-8"?>
<testng-results ignored="0" total="8" passed="8" failed="0" skipped="0">
  <reporter-output>
  </reporter-output>
  <suite started-at="2026-07-20T15:19:45 IST" name="Open Cart Test Regression PlayWright Suite" finished-at="2026-07-20T15:21:24 IST" duration-ms="98803">
    <groups>
    </groups>
    <test started-at="2026-07-20T15:19:45 IST" name="Open Cart Login Page Test" finished-at="2026-07-20T15:21:22 IST" duration-ms="97132">
      <class name="com.qa.opencart.tests.LoginPageTest">
        <test-method is-config="true" signature="setup()[pri:0, instance:com.qa.opencart.tests.LoginPageTest@13f95696]" started-at="2026-07-20T15:19:45 IST" name="setup" finished-at="2026-07-20T15:20:36 IST" duration-ms="51032" status="PASS">
          <reporter-output>
          </reporter-output>
        </test-method> <!-- setup -->
        <test-method signature="loginPageNavigationTest()[pri:1, instance:com.qa.opencart.tests.LoginPageTest@13f95696]" started-at="2026-07-20T15:20:36 IST" name="loginPageNavigationTest" finished-at="2026-07-20T15:20:47 IST" duration-ms="10797" status="PASS">
          <reporter-output>
          </reporter-output>
        </test-method> <!-- loginPageNavigationTest -->
        <test-method signature="forgotPwdLinkExitTest()[pri:2, instance:com.qa.opencart.tests.LoginPageTest@13f95696]" started-at="2026-07-20T15:20:48 IST" name="forgotPwdLinkExitTest" finished-at="2026-07-20T15:20:48 IST" duration-ms="348" status="PASS">
          <reporter-output>
          </reporter-output>
        </test-method> <!-- forgotPwdLinkExitTest -->
        <test-method signature="appLoginTest()[pri:3, instance:com.qa.opencart.tests.LoginPageTest@13f95696]" started-at="2026-07-20T15:20:48 IST" name="appLoginTest" finished-at="2026-07-20T15:20:51 IST" duration-ms="2855" status="PASS">
          <reporter-output>
          </reporter-output>
        </test-method> <!-- appLoginTest -->
        <test-method is-config="true" signature="tearDown()[pri:0, instance:com.qa.opencart.tests.LoginPageTest@13f95696]" started-at="2026-07-20T15:20:51 IST" name="tearDown" finished-at="2026-07-20T15:21:22 IST" duration-ms="30496" status="PASS">
          <reporter-output>
          </reporter-output>
        </test-method> <!-- tearDown -->
      </class> <!-- com.qa.opencart.tests.LoginPageTest -->
    </test> <!-- Open Cart Login Page Test -->
    <test started-at="2026-07-20T15:19:45 IST" name="Open Cart Home Page Test" finished-at="2026-07-20T15:21:24 IST" duration-ms="98802">
      <class name="com.qa.opencart.tests.HomePageTest">
        <test-method is-config="true" signature="setup()[pri:0, instance:com.qa.opencart.tests.HomePageTest@2df6226d]" started-at="2026-07-20T15:19:45 IST" name="setup" finished-at="2026-07-20T15:20:36 IST" duration-ms="51032" status="PASS">
          <reporter-output>
          </reporter-output>
        </test-method> <!-- setup -->
        <test-method signature="HomePageTitleTest()[pri:0, instance:com.qa.opencart.tests.HomePageTest@2df6226d]" started-at="2026-07-20T15:20:36 IST" name="HomePageTitleTest" finished-at="2026-07-20T15:20:42 IST" duration-ms="5606" status="PASS">
          <reporter-output>
          </reporter-output>
        </test-method> <!-- HomePageTitleTest -->
        <test-method signature="HomePageUrlTest()[pri:0, instance:com.qa.opencart.tests.HomePageTest@2df6226d]" started-at="2026-07-20T15:20:48 IST" name="HomePageUrlTest" finished-at="2026-07-20T15:20:48 IST" duration-ms="5" status="PASS">
          <reporter-output>
          </reporter-output>
        </test-method> <!-- HomePageUrlTest -->
        <test-method signature="SearchTest(java.lang.String)[pri:0, instance:com.qa.opencart.tests.HomePageTest@2df6226d]" started-at="2026-07-20T15:20:48 IST" name="SearchTest" data-provider="getProductData" finished-at="2026-07-20T15:20:50 IST" duration-ms="1697" status="PASS">
          <params>
            <param index="0">
              <value>
                <![CDATA[Macbook]]>
              </value>
            </param>
          </params>
          <reporter-output>
          </reporter-output>
        </test-method> <!-- SearchTest -->
        <test-method signature="SearchTest(java.lang.String)[pri:0, instance:com.qa.opencart.tests.HomePageTest@2df6226d]" started-at="2026-07-20T15:20:50 IST" name="SearchTest" data-provider="getProductData" finished-at="2026-07-20T15:20:52 IST" duration-ms="1392" status="PASS">
          <params>
            <param index="0">
              <value>
                <![CDATA[iMac]]>
              </value>
            </param>
          </params>
          <reporter-output>
          </reporter-output>
        </test-method> <!-- SearchTest -->
        <test-method signature="SearchTest(java.lang.String)[pri:0, instance:com.qa.opencart.tests.HomePageTest@2df6226d]" started-at="2026-07-20T15:20:52 IST" name="SearchTest" data-provider="getProductData" finished-at="2026-07-20T15:20:53 IST" duration-ms="1426" status="PASS">
          <params>
            <param index="0">
              <value>
                <![CDATA[Samsung]]>
              </value>
            </param>
          </params>
          <reporter-output>
          </reporter-output>
        </test-method> <!-- SearchTest -->
        <test-method is-config="true" signature="tearDown()[pri:0, instance:com.qa.opencart.tests.HomePageTest@2df6226d]" started-at="2026-07-20T15:20:54 IST" name="tearDown" finished-at="2026-07-20T15:21:24 IST" duration-ms="30112" status="PASS">
          <reporter-output>
          </reporter-output>
        </test-method> <!-- tearDown -->
      </class> <!-- com.qa.opencart.tests.HomePageTest -->
    </test> <!-- Open Cart Home Page Test -->
  </suite> <!-- Open Cart Test Regression PlayWright Suite -->
</testng-results>
