<?xml version="1.0" encoding="UTF-8"?>
<!-- Generated by org.testng.reporters.JUnitReportReporter -->
<testsuite hostname="DESKTOP-CUQ35FS" failures="0" tests="5" name="com.qa.opencart.tests.HomePageTest" time="8.346" errors="0" timestamp="2026-07-17T14:10:05 IST" skipped="0">
  <testcase classname="com.qa.opencart.tests.HomePageTest" name="HomePageTitleTest" time="2.770"/>
  <testcase classname="com.qa.opencart.tests.HomePageTest" name="SearchTest" time="1.595"/>
  <testcase classname="com.qa.opencart.tests.HomePageTest" name="SearchTest" time="1.560"/>
  <testcase classname="com.qa.opencart.tests.HomePageTest" name="HomePageUrlTest" time="0.007"/>
  <testcase classname="com.qa.opencart.tests.HomePageTest" name="SearchTest" time="2.414"/>
</testsuite> <!-- com.qa.opencart.tests.HomePageTest -->
