<?xml version="1.0" encoding="UTF-8"?>
<!-- Generated by org.testng.reporters.JUnitReportReporter -->
<testsuite hostname="DESKTOP-CUQ35FS" failures="0" tests="2" name="com.qa.opencart.tests.RegisterPageTest" time="29.237" errors="0" timestamp="2026-07-20T20:46:16 IST" skipped="0">
  <testcase classname="com.qa.opencart.tests.RegisterPageTest" name="loginPageNavigationTest" time="3.042"/>
  <testcase classname="com.qa.opencart.tests.RegisterPageTest" name="appRegisterTest" time="26.195"/>
</testsuite> <!-- com.qa.opencart.tests.RegisterPageTest -->
