<?xml version="1.0" encoding="UTF-8"?>
<!-- Generated by org.testng.reporters.JUnitReportReporter -->
<testsuite hostname="DESKTOP-CUQ35FS" failures="0" tests="3" name="com.qa.opencart.tests.RegisterPageTest" time="9.823" errors="0" timestamp="2026-07-16T14:10:28 IST" skipped="0">
  <testcase classname="com.qa.opencart.tests.RegisterPageTest" name="loginPageNavigationTest" time="2.211"/>
  <testcase classname="com.qa.opencart.tests.RegisterPageTest" name="appRegisterTest" time="6.725"/>
  <testcase classname="com.qa.opencart.tests.RegisterPageTest" name="MyAccountTest" time="0.887"/>
</testsuite> <!-- com.qa.opencart.tests.RegisterPageTest -->
