<?xml version="1.0" encoding="UTF-8"?>
<!-- Generated by org.testng.reporters.JUnitReportReporter -->
<testsuite hostname="DESKTOP-CUQ35FS" failures="0" tests="3" name="com.qa.opencart.tests.LoginPageTest" time="14.000" errors="0" timestamp="2026-07-20T15:21:24 IST" skipped="0">
  <testcase classname="com.qa.opencart.tests.LoginPageTest" name="loginPageNavigationTest" time="10.797"/>
  <testcase classname="com.qa.opencart.tests.LoginPageTest" name="forgotPwdLinkExitTest" time="0.348"/>
  <testcase classname="com.qa.opencart.tests.LoginPageTest" name="appLoginTest" time="2.855"/>
</testsuite> <!-- com.qa.opencart.tests.LoginPageTest -->
