<?xml version="1.0" encoding="UTF-8"?>
<!-- Generated by org.testng.reporters.JUnitReportReporter -->
<testsuite hostname="DESKTOP-CUQ35FS" failures="0" tests="5" name="com.qa.opencart.tests.HomePageTest" time="10.126" errors="0" timestamp="2026-07-20T15:21:24 IST" skipped="0">
  <testcase classname="com.qa.opencart.tests.HomePageTest" name="HomePageUrlTest" time="0.005"/>
  <testcase classname="com.qa.opencart.tests.HomePageTest" name="SearchTest" time="1.697"/>
  <testcase classname="com.qa.opencart.tests.HomePageTest" name="SearchTest" time="1.392"/>
  <testcase classname="com.qa.opencart.tests.HomePageTest" name="SearchTest" time="1.426"/>
  <testcase classname="com.qa.opencart.tests.HomePageTest" name="HomePageTitleTest" time="5.606"/>
</testsuite> <!-- com.qa.opencart.tests.HomePageTest -->
