<?xml version="1.0" encoding="UTF-8"?>
<!-- Generated by org.testng.reporters.JUnitXMLReporter -->
<testsuite ignored="0" hostname="DESKTOP-CUQ35FS" failures="0" tests="3" name="Open Cart Login Page Test" time="97.132" errors="0" timestamp="2026-07-20T15:21:23 IST">
  <testcase classname="com.qa.opencart.tests.LoginPageTest" name="loginPageNavigationTest" time="10.797"/>
  <testcase classname="com.qa.opencart.tests.LoginPageTest" name="forgotPwdLinkExitTest" time="0.348"/>
  <testcase classname="com.qa.opencart.tests.LoginPageTest" name="appLoginTest" time="2.855"/>
</testsuite> <!-- Open Cart Login Page Test -->
