<?xml version="1.0" encoding="UTF-8"?>
<!-- Generated by org.testng.reporters.JUnitXMLReporter -->
<testsuite ignored="0" hostname="DESKTOP-CUQ35FS" failures="0" tests="5" name="Open Cart Home Page Test" time="43.388" errors="0" timestamp="2026-07-17T14:10:04 IST">
  <testcase classname="com.qa.opencart.tests.HomePageTest" name="HomePageTitleTest" time="2.77"/>
  <testcase classname="com.qa.opencart.tests.HomePageTest" name="HomePageUrlTest" time="0.007"/>
  <testcase classname="com.qa.opencart.tests.HomePageTest" name="SearchTest" time="2.414"/>
  <testcase classname="com.qa.opencart.tests.HomePageTest" name="SearchTest" time="1.595"/>
  <testcase classname="com.qa.opencart.tests.HomePageTest" name="SearchTest" time="1.56"/>
</testsuite> <!-- Open Cart Home Page Test -->
