<?xml version="1.0" encoding="UTF-8"?>
<!-- Generated by org.testng.reporters.JUnitXMLReporter -->
<testsuite ignored="0" hostname="DESKTOP-CUQ35FS" failures="0" tests="5" name="Open Cart Home Page Test" time="98.802" errors="0" timestamp="2026-07-20T15:21:24 IST">
  <testcase classname="com.qa.opencart.tests.HomePageTest" name="HomePageTitleTest" time="5.606"/>
  <testcase classname="com.qa.opencart.tests.HomePageTest" name="HomePageUrlTest" time="0.005"/>
  <testcase classname="com.qa.opencart.tests.HomePageTest" name="SearchTest" time="1.697"/>
  <testcase classname="com.qa.opencart.tests.HomePageTest" name="SearchTest" time="1.392"/>
  <testcase classname="com.qa.opencart.tests.HomePageTest" name="SearchTest" time="1.426"/>
</testsuite> <!-- Open Cart Home Page Test -->
